<?xml version="1.0" encoding="UTF-8"?>
<!-- Generated by org.testng.reporters.JUnitXMLReporter -->
<testsuite hostname="MEHAVARNAN" ignored="0" name="Chrome Test" tests="2" failures="1" timestamp="01 May 2018 16:26:24 GMT" time="17.403" errors="0">
  <testcase name="loginTest" time="11.514" classname="extentreportstest.Test1">
    <failure type="java.lang.AssertionError" message="expected [https://learn.letskodeit.com/] but found [https://sso.teachable.com/secure/42299/users/sign_in?flow_school_id=42299]">
      <![CDATA[java.lang.AssertionError: expected [https://learn.letskodeit.com/] but found [https://sso.teachable.com/secure/42299/users/sign_in?flow_school_id=42299]
	at extentreportstest.Test1.loginTest(Test1.java:60)
... Removed 31 stack frames]]>
    </failure>
  </testcase> <!-- loginTest -->
  <testcase name="test" time="0.003" classname="extentreportstest.Test2"/>
</testsuite> <!-- Chrome Test -->
